<?xml version="1.0" encoding="UTF-8"?>
<testsuite xmlns:xsi="http://www.w3.org/2001/XMLSchema-instance" xsi:noNamespaceSchemaLocation="https://maven.apache.org/surefire/maven-surefire-plugin/xsd/surefire-test-report.xsd" version="3.0.1" name="com.cognizant.junit.calculator.CalculatorTest" time="0.142" tests="9" errors="0" skipped="0" failures="0">
  <properties>
[...]
</properties>
  <testcase name="testException" classname="com.cognizant.junit.calculator.CalculatorTest" time="0.046">
    <system-out><![CDATA[Setup completed
Cleanup completed
]]></system-out>
  </testcase>
  <testcase name="testNull" classname="com.cognizant.junit.calculator.CalculatorTest" time="0.005">
    <system-out><![CDATA[Setup completed
Cleanup completed
]]></system-out>
  </testcase>
  <testcase name="testMultiplication" classname="com.cognizant.junit.calculator.CalculatorTest" time="0.004">
    <system-out><![CDATA[Setup completed
Cleanup completed
]]></system-out>
  </testcase>
  <testcase name="testAddition" classname="com.cognizant.junit.calculator.CalculatorTest" time="0.004">
    <system-out><![CDATA[Setup completed
Cleanup completed
]]></system-out>
  </testcase>
  <testcase name="testTrueAssertion" classname="com.cognizant.junit.calculator.CalculatorTest" time="0.007">
    <system-out><![CDATA[Setup completed
Cleanup completed
]]></system-out>
  </testcase>
  <testcase name="testDivision" classname="com.cognizant.junit.calculator.CalculatorTest" time="0.005">
    <system-out><![CDATA[Setup completed
Cleanup completed
]]></system-out>
  </testcase>
  <testcase name="testFalseAssertion" classname="com.cognizant.junit.calculator.CalculatorTest" time="0.007">
    <system-out><![CDATA[Setup completed
Cleanup completed
]]></system-out>
  </testcase>
  <testcase name="testNotNull" classname="com.cognizant.junit.calculator.CalculatorTest" time="0.004">
    <system-out><![CDATA[Setup completed
Cleanup completed
]]></system-out>
  </testcase>
  <testcase name="testSubtraction" classname="com.cognizant.junit.calculator.CalculatorTest" time="0.002">
    <system-out><![CDATA[Setup completed
Cleanup completed
]]></system-out>
  </testcase>
</testsuite>